<?xml version="1.0" encoding="UTF-8"?>
<testsuites name="TS_login" time="11.985" tests="1" failures="0" errors="0">
   <testsuite name="TS_login" tests="1" failures="0" errors="0" time="11.985" skipped="0" timestamp="21-04-2024T15:15:41" hostname="EB149SR - IN3247948W2.ey.net" id="Test Suites/PetStore/TS_login">
      <properties>
         <property name="deviceName" value=""/>
         <property name="devicePlatform" value=""/>
         <property name="logFolder" value="C:\\Users\\EB149SR\\git\\Katalonpractice\\Reports\\20240421_151536\\PetStore\\TS_login\\20240421_151536"/>
         <property name="logFiles" value="C:\\Users\\EB149SR\\git\\Katalonpractice\\Reports\\20240421_151536\\PetStore\\TS_login\\20240421_151536\\execution0.log"/>
         <property name="attachments" value=""/>
         <property name="hostName" value="EB149SR - IN3247948W2.ey.net"/>
         <property name="os" value="Windows 10 64bit"/>
         <property name="katalonVersion" value="9.4.0.212"/>
         <property name="browser" value="Edge Chromium 123"/>
         <property name="hostAddress" value="192.168.1.109"/>
         <property name="sessionId" value="9788482831f7a0a1e930ce8e8aaf59ac"/>
         <property name="seleniumVersion" value="3.141.59"/>
         <property name="proxyInformation" value="ProxyInformation { proxyOption=NO_PROXY, proxyServerType=HTTP, username=, password=********, proxyServerAddress=, proxyServerPort=0, executionList=&quot;&quot;, isApplyToDesiredCapabilities=true }"/>
         <property name="platform" value="Windows 10"/>
      </properties>
      <testcase name="Test Cases/PetStore/login" time="11.77" classname="Test Cases/PetStore/login" status="PASSED">
         <system-out><![CDATA[21-04-2024T15:15:41 - [TEST_CASE][PASSED] - Test Cases/PetStore/login: Test Cases/PetStore/login

21-04-2024T15:15:41 - [TEST_STEP][PASSED] - openBrowser(""): Browser is opened with url: ''

21-04-2024T15:15:42 - [MESSAGE][INFO] - Starting 'Edge Chromium' driver

21-04-2024T15:15:45 - [MESSAGE][INFO] - Action delay is set to 0 milliseconds

21-04-2024T15:15:47 - [MESSAGE][PASSED] - Browser is opened with url: ''

21-04-2024T15:15:47 - [TEST_STEP][PASSED] - navigateToUrl("https://petstore.octoperf.com/actions/Account.action?signonForm="): Navigate to 'https://petstore.octoperf.com/actions/Account.action?signonForm=' successfully

21-04-2024T15:15:50 - [MESSAGE][PASSED] - Navigate to 'https://petstore.octoperf.com/actions/Account.action?signonForm=' successfully

21-04-2024T15:15:50 - [TEST_STEP][PASSED] - setText(findTestObject("Object Repository/PetStore_Login/Page_JPetStore Demo/input_Need a user name and password_username"), "mohan1"): Text 'mohan1' is set on object 'Object Repository/PetStore_Login/Page_JPetStore Demo/input_Need a user name and password_username'

21-04-2024T15:15:51 - [MESSAGE][PASSED] - Text 'mohan1' is set on object 'Object Repository/PetStore_Login/Page_JPetStore Demo/input_Need a user name and password_username'

21-04-2024T15:15:51 - [TEST_STEP][PASSED] - setEncryptedText(findTestObject("Object Repository/PetStore_Login/Page_JPetStore Demo/input_Need a user name and password_password"), "NXt0rM6HQe0="): Text ****** has been set on object 'Object Repository/PetStore_Login/Page_JPetStore Demo/input_Need a user name and password_password'

21-04-2024T15:15:52 - [MESSAGE][PASSED] - Text ****** has been set on object 'Object Repository/PetStore_Login/Page_JPetStore Demo/input_Need a user name and password_password'

21-04-2024T15:15:52 - [TEST_STEP][PASSED] - click(findTestObject("Object Repository/PetStore_Login/Page_JPetStore Demo/input_Need a user name and password_signon")): Object: 'Object Repository/PetStore_Login/Page_JPetStore Demo/input_Need a user name and password_signon' is clicked on

21-04-2024T15:15:53 - [MESSAGE][PASSED] - Object: 'Object Repository/PetStore_Login/Page_JPetStore Demo/input_Need a user name and password_signon' is clicked on]]></system-out>
         <system-err><![CDATA[]]></system-err>
      </testcase>
      <system-out><![CDATA[21-04-2024T15:15:41 - [TEST_SUITE][PASSED] - TS_login: Test Cases/PetStore/login]]></system-out>
      <system-err><![CDATA[]]></system-err>
   </testsuite>
</testsuites>
