<?xml version="1.0" encoding="UTF-8"?>
<testsuites name="TS_login" time="11.684" tests="1" failures="0" errors="0">
   <testsuite name="TS_login" tests="1" failures="0" errors="0" time="11.684" skipped="0" timestamp="21-04-2024T15:18:06" hostname="EB149SR - IN3247948W2.ey.net" id="Test Suites/PetStore/TS_login">
      <properties>
         <property name="deviceName" value=""/>
         <property name="devicePlatform" value=""/>
         <property name="logFolder" value="C:\\Users\\EB149SR\\git\\Katalonpractice\\Reports\\20240421_151756\\PetStore\\TS_login\\20240421_151757"/>
         <property name="logFiles" value="C:\\Users\\EB149SR\\git\\Katalonpractice\\Reports\\20240421_151756\\PetStore\\TS_login\\20240421_151757\\execution0.log"/>
         <property name="attachments" value=""/>
         <property name="hostName" value="EB149SR - IN3247948W2.ey.net"/>
         <property name="os" value="Windows 10 64bit"/>
         <property name="katalonVersion" value="9.4.0.212"/>
         <property name="browser" value="Edge Chromium 123"/>
         <property name="hostAddress" value="192.168.1.109"/>
         <property name="sessionId" value="af990ff7c067e38257d666189c41e6df"/>
         <property name="seleniumVersion" value="3.141.59"/>
         <property name="proxyInformation" value="ProxyInformation { proxyOption=NO_PROXY, proxyServerType=HTTP, username=, password=********, proxyServerAddress=, proxyServerPort=0, executionList=&quot;&quot;, isApplyToDesiredCapabilities=true }"/>
         <property name="platform" value="Windows 10"/>
      </properties>
      <testcase name="Test Cases/PetStore/login" time="11.47" classname="Test Cases/PetStore/login" status="PASSED">
         <system-out><![CDATA[21-04-2024T15:18:06 - [TEST_CASE][PASSED] - Test Cases/PetStore/login: Test Cases/PetStore/login

21-04-2024T15:18:06 - [TEST_STEP][PASSED] - openBrowser(""): Browser is opened with url: ''

21-04-2024T15:18:07 - [MESSAGE][INFO] - Starting 'Edge Chromium' driver

21-04-2024T15:18:10 - [MESSAGE][INFO] - Action delay is set to 0 milliseconds

21-04-2024T15:18:13 - [MESSAGE][PASSED] - Browser is opened with url: ''

21-04-2024T15:18:13 - [TEST_STEP][PASSED] - navigateToUrl("https://petstore.octoperf.com/actions/Account.action?signonForm="): Navigate to 'https://petstore.octoperf.com/actions/Account.action?signonForm=' successfully

21-04-2024T15:18:15 - [MESSAGE][PASSED] - Navigate to 'https://petstore.octoperf.com/actions/Account.action?signonForm=' successfully

21-04-2024T15:18:15 - [TEST_STEP][PASSED] - setText(findTestObject("Object Repository/PetStore_Login/Page_JPetStore Demo/input_Need a user name and password_username"), "mohan1"): Text 'mohan1' is set on object 'Object Repository/PetStore_Login/Page_JPetStore Demo/input_Need a user name and password_username'

21-04-2024T15:18:16 - [MESSAGE][PASSED] - Text 'mohan1' is set on object 'Object Repository/PetStore_Login/Page_JPetStore Demo/input_Need a user name and password_username'

21-04-2024T15:18:16 - [TEST_STEP][PASSED] - setEncryptedText(findTestObject("Object Repository/PetStore_Login/Page_JPetStore Demo/input_Need a user name and password_password"), "NXt0rM6HQe0="): Text ****** has been set on object 'Object Repository/PetStore_Login/Page_JPetStore Demo/input_Need a user name and password_password'

21-04-2024T15:18:17 - [MESSAGE][PASSED] - Text ****** has been set on object 'Object Repository/PetStore_Login/Page_JPetStore Demo/input_Need a user name and password_password'

21-04-2024T15:18:17 - [TEST_STEP][PASSED] - click(findTestObject("Object Repository/PetStore_Login/Page_JPetStore Demo/input_Need a user name and password_signon")): Object: 'Object Repository/PetStore_Login/Page_JPetStore Demo/input_Need a user name and password_signon' is clicked on

21-04-2024T15:18:18 - [MESSAGE][PASSED] - Object: 'Object Repository/PetStore_Login/Page_JPetStore Demo/input_Need a user name and password_signon' is clicked on]]></system-out>
         <system-err><![CDATA[]]></system-err>
      </testcase>
      <system-out><![CDATA[21-04-2024T15:18:06 - [TEST_SUITE][PASSED] - TS_login: Test Cases/PetStore/login]]></system-out>
      <system-err><![CDATA[]]></system-err>
   </testsuite>
</testsuites>
