<?xml version="1.0" encoding="UTF-8"?>
<testsuites name="TS_CheckOut_bag" time="21.228" tests="1" failures="0" errors="0">
   <testsuite name="TS_CheckOut_bag" tests="1" failures="0" errors="0" time="21.228" skipped="0" timestamp="21-04-2024T16:57:01" hostname="EB149SR - IN3247948W2.ey.net" id="Test Suites/SwagLab/TS_CheckOut_bag">
      <properties>
         <property name="deviceName" value=""/>
         <property name="devicePlatform" value=""/>
         <property name="logFolder" value="C:\\Users\\EB149SR\\git\\Katalonpractice\\Reports\\20240421_165652\\SwagLab\\TS_CheckOut_bag\\20240421_165653"/>
         <property name="logFiles" value="C:\\Users\\EB149SR\\git\\Katalonpractice\\Reports\\20240421_165652\\SwagLab\\TS_CheckOut_bag\\20240421_165653\\execution0.log"/>
         <property name="attachments" value=""/>
         <property name="hostName" value="EB149SR - IN3247948W2.ey.net"/>
         <property name="os" value="Windows 10 64bit"/>
         <property name="katalonVersion" value="9.4.0.212"/>
         <property name="browser" value="Edge Chromium 123"/>
         <property name="hostAddress" value="192.168.1.109"/>
         <property name="sessionId" value="27d2a72ff77e6a6d21ff115b6bd0eb66"/>
         <property name="seleniumVersion" value="3.141.59"/>
         <property name="proxyInformation" value="ProxyInformation { proxyOption=NO_PROXY, proxyServerType=HTTP, username=, password=********, proxyServerAddress=, proxyServerPort=0, executionList=&quot;&quot;, isApplyToDesiredCapabilities=true }"/>
         <property name="platform" value="Windows 10"/>
      </properties>
      <testcase name="Test Cases/SwagLab/Checkout_Bag" time="20.955" classname="Test Cases/SwagLab/Checkout_Bag" status="PASSED">
         <system-out><![CDATA[21-04-2024T16:57:01 - [TEST_CASE][PASSED] - Test Cases/SwagLab/Checkout_Bag: Test Cases/SwagLab/Checkout_Bag

21-04-2024T16:57:02 - [TEST_STEP][PASSED] - callTestCase(findTestCase("SwagLab/SL_Login"), [:], STOP_ON_FAILURE): Call Test Case 'Test Cases/SwagLab/SL_Login' successfully

21-04-2024T16:57:02 - [TEST_CASE][PASSED] - Test Cases/SwagLab/SL_Login: Test Cases/SwagLab/SL_Login

21-04-2024T16:57:02 - [TEST_STEP][PASSED] - openBrowser(""): Browser is opened with url: ''

21-04-2024T16:57:03 - [MESSAGE][INFO] - Starting 'Edge Chromium' driver

21-04-2024T16:57:05 - [MESSAGE][INFO] - Action delay is set to 0 milliseconds

21-04-2024T16:57:08 - [MESSAGE][PASSED] - Browser is opened with url: ''

21-04-2024T16:57:08 - [TEST_STEP][PASSED] - navigateToUrl("https://www.saucedemo.com/v1/index.html"): Navigate to 'https://www.saucedemo.com/v1/index.html' successfully

21-04-2024T16:57:10 - [MESSAGE][PASSED] - Navigate to 'https://www.saucedemo.com/v1/index.html' successfully

21-04-2024T16:57:10 - [TEST_STEP][PASSED] - setText(findTestObject("Object Repository/Swag_Login/Page_Swag Labs/input_standard_userlocked_out_userproblem_u_db77ac"), "standard_user"): Text 'standard_user' is set on object 'Object Repository/Swag_Login/Page_Swag Labs/input_standard_userlocked_out_userproblem_u_db77ac'

21-04-2024T16:57:10 - [MESSAGE][PASSED] - Text 'standard_user' is set on object 'Object Repository/Swag_Login/Page_Swag Labs/input_standard_userlocked_out_userproblem_u_db77ac'

21-04-2024T16:57:10 - [TEST_STEP][PASSED] - setEncryptedText(findTestObject("Object Repository/Swag_Login/Page_Swag Labs/input_standard_userlocked_out_userproblem_u_3423e9"), "qcu24s4901FyWDTwXGr6XA=="): Text ****** has been set on object 'Object Repository/Swag_Login/Page_Swag Labs/input_standard_userlocked_out_userproblem_u_3423e9'

21-04-2024T16:57:11 - [MESSAGE][PASSED] - Text ****** has been set on object 'Object Repository/Swag_Login/Page_Swag Labs/input_standard_userlocked_out_userproblem_u_3423e9'

21-04-2024T16:57:11 - [TEST_STEP][PASSED] - click(findTestObject("Object Repository/Swag_Login/Page_Swag Labs/input_standard_userlocked_out_userproblem_u_0dff71")): Object: 'Object Repository/Swag_Login/Page_Swag Labs/input_standard_userlocked_out_userproblem_u_0dff71' is clicked on

21-04-2024T16:57:13 - [MESSAGE][PASSED] - Object: 'Object Repository/Swag_Login/Page_Swag Labs/input_standard_userlocked_out_userproblem_u_0dff71' is clicked on

21-04-2024T16:57:13 - [MESSAGE][PASSED] - Call Test Case 'Test Cases/SwagLab/SL_Login' successfully

21-04-2024T16:57:13 - [TEST_STEP][PASSED] - click(findTestObject("Object Repository/Swag_Checkout_Bag/Page_Swag Labs/button_ADD TO CART")): Object: 'Object Repository/Swag_Checkout_Bag/Page_Swag Labs/button_ADD TO CART' is clicked on

21-04-2024T16:57:14 - [MESSAGE][PASSED] - Object: 'Object Repository/Swag_Checkout_Bag/Page_Swag Labs/button_ADD TO CART' is clicked on

21-04-2024T16:57:14 - [TEST_STEP][PASSED] - click(findTestObject("Object Repository/Swag_Checkout_Bag/Page_Swag Labs/path")): Object: 'Object Repository/Swag_Checkout_Bag/Page_Swag Labs/path' is clicked on

21-04-2024T16:57:14 - [MESSAGE][WARNING] - [SELF-HEALING] Failed to find element with id 'Object Repository/Swag_Checkout_Bag/Page_Swag Labs/path'. Try using Self-healing.

21-04-2024T16:57:16 - [MESSAGE][INFO] - [SELF-HEALING] No working XPath is found.

21-04-2024T16:57:17 - [MESSAGE][INFO] - [SELF-HEALING] Screenshot: C:/Users/EB149SR/git/Katalonpractice/Reports/Self-healing/Object Repository/Swag_Checkout_Bag/Page_Swag Labs/path_SMART_LOCATOR.png

21-04-2024T16:57:17 - [MESSAGE][WARNING] - [SELF-HEALING] The current locator of test object 'Object Repository/Swag_Checkout_Bag/Page_Swag Labs/path' was broken. Propose an alternative one: 'internal:role=link[name="1"i]'.

21-04-2024T16:57:17 - [MESSAGE][PASSED] - Object: 'Object Repository/Swag_Checkout_Bag/Page_Swag Labs/path' is clicked on

21-04-2024T16:57:17 - [TEST_STEP][PASSED] - navigateToUrl("https://www.saucedemo.com/v1/cart.html"): Navigate to 'https://www.saucedemo.com/v1/cart.html' successfully

21-04-2024T16:57:17 - [MESSAGE][PASSED] - Navigate to 'https://www.saucedemo.com/v1/cart.html' successfully

21-04-2024T16:57:17 - [TEST_STEP][PASSED] - click(findTestObject("Object Repository/Swag_Checkout_Bag/Page_Swag Labs/a_CHECKOUT")): Object: 'Object Repository/Swag_Checkout_Bag/Page_Swag Labs/a_CHECKOUT' is clicked on

21-04-2024T16:57:18 - [MESSAGE][PASSED] - Object: 'Object Repository/Swag_Checkout_Bag/Page_Swag Labs/a_CHECKOUT' is clicked on

21-04-2024T16:57:18 - [TEST_STEP][PASSED] - setText(findTestObject("Object Repository/Swag_Checkout_Bag/Page_Swag Labs/input_Checkout Your Information_first-name"), "Ravi"): Text 'Ravi' is set on object 'Object Repository/Swag_Checkout_Bag/Page_Swag Labs/input_Checkout Your Information_first-name'

21-04-2024T16:57:19 - [MESSAGE][PASSED] - Text 'Ravi' is set on object 'Object Repository/Swag_Checkout_Bag/Page_Swag Labs/input_Checkout Your Information_first-name'

21-04-2024T16:57:19 - [TEST_STEP][PASSED] - setText(findTestObject("Object Repository/Swag_Checkout_Bag/Page_Swag Labs/input_Checkout Your Information_last-name"), "M"): Text 'M' is set on object 'Object Repository/Swag_Checkout_Bag/Page_Swag Labs/input_Checkout Your Information_last-name'

21-04-2024T16:57:19 - [MESSAGE][PASSED] - Text 'M' is set on object 'Object Repository/Swag_Checkout_Bag/Page_Swag Labs/input_Checkout Your Information_last-name'

21-04-2024T16:57:19 - [TEST_STEP][PASSED] - setText(findTestObject("Object Repository/Swag_Checkout_Bag/Page_Swag Labs/input_Checkout Your Information_postal-code"), "560064"): Text '560064' is set on object 'Object Repository/Swag_Checkout_Bag/Page_Swag Labs/input_Checkout Your Information_postal-code'

21-04-2024T16:57:20 - [MESSAGE][PASSED] - Text '560064' is set on object 'Object Repository/Swag_Checkout_Bag/Page_Swag Labs/input_Checkout Your Information_postal-code'

21-04-2024T16:57:20 - [TEST_STEP][PASSED] - click(findTestObject("Object Repository/Swag_Checkout_Bag/Page_Swag Labs/input_CANCEL_btn_primary cart_button")): Object: 'Object Repository/Swag_Checkout_Bag/Page_Swag Labs/input_CANCEL_btn_primary cart_button' is clicked on

21-04-2024T16:57:20 - [MESSAGE][PASSED] - Object: 'Object Repository/Swag_Checkout_Bag/Page_Swag Labs/input_CANCEL_btn_primary cart_button' is clicked on

21-04-2024T16:57:20 - [TEST_STEP][PASSED] - click(findTestObject("Object Repository/Swag_Checkout_Bag/Page_Swag Labs/a_FINISH")): Object: 'Object Repository/Swag_Checkout_Bag/Page_Swag Labs/a_FINISH' is clicked on

21-04-2024T16:57:21 - [MESSAGE][PASSED] - Object: 'Object Repository/Swag_Checkout_Bag/Page_Swag Labs/a_FINISH' is clicked on

21-04-2024T16:57:21 - [TEST_STEP][PASSED] - verifyElementText(findTestObject("Object Repository/Swag_Checkout_Bag/Page_Swag Labs/h2_THANK YOU FOR YOUR ORDER"), "THANK YOU FOR YOUR ORDER"): Actual text and expected text of test object 'Object Repository/Swag_Checkout_Bag/Page_Swag Labs/h2_THANK YOU FOR YOUR ORDER' are matched.

21-04-2024T16:57:21 - [MESSAGE][PASSED] - Actual text and expected text of test object 'Object Repository/Swag_Checkout_Bag/Page_Swag Labs/h2_THANK YOU FOR YOUR ORDER' are matched.

21-04-2024T16:57:21 - [TEST_STEP][PASSED] - click(findTestObject("Object Repository/Swag_Checkout_Bag/Page_Swag Labs/button_Open Menu")): Object: 'Object Repository/Swag_Checkout_Bag/Page_Swag Labs/button_Open Menu' is clicked on

21-04-2024T16:57:21 - [MESSAGE][PASSED] - Object: 'Object Repository/Swag_Checkout_Bag/Page_Swag Labs/button_Open Menu' is clicked on

21-04-2024T16:57:21 - [TEST_STEP][PASSED] - click(findTestObject("Object Repository/Swag_Checkout_Bag/Page_Swag Labs/a_Logout")): Object: 'Object Repository/Swag_Checkout_Bag/Page_Swag Labs/a_Logout' is clicked on

21-04-2024T16:57:22 - [MESSAGE][PASSED] - Object: 'Object Repository/Swag_Checkout_Bag/Page_Swag Labs/a_Logout' is clicked on

21-04-2024T16:57:22 - [TEST_STEP][PASSED] - closeBrowser(): Browser is closed

21-04-2024T16:57:22 - [MESSAGE][PASSED] - Browser is closed]]></system-out>
         <system-err><![CDATA[]]></system-err>
      </testcase>
      <system-out><![CDATA[21-04-2024T16:57:01 - [TEST_SUITE][PASSED] - TS_CheckOut_bag: Test Cases/SwagLab/Checkout_Bag]]></system-out>
      <system-err><![CDATA[]]></system-err>
   </testsuite>
</testsuites>
